<?xml version="1.0" encoding="UTF-8"?>
<!-- Generated by org.testng.reporters.JUnitReportReporter -->
<testsuite hostname="LAPTOP-H5F7P4K8" failures="0" tests="1" name="basic.MyOrangeHRM_Login" time="9.823" errors="0" timestamp="2023-07-16T16:27:33 IST" skipped="0">
  <testcase classname="basic.MyOrangeHRM_Login" name="searchCandidate" time="9.823"/>
  <system-out/>
</testsuite> <!-- basic.MyOrangeHRM_Login -->
