<?xml version="1.0" encoding="UTF-8"?>
<!-- Generated by org.testng.reporters.JUnitReportReporter -->
<testsuite hostname="LAPTOP-H5F7P4K8" failures="0" tests="1" name="TestNGB24.MyGroupA" time="0.002" errors="0" timestamp="2023-07-07T22:31:14 IST" skipped="0">
  <testcase classname="TestNGB24.MyGroupA" name="test1" time="0.002"/>
  <system-out/>
</testsuite> <!-- TestNGB24.MyGroupA -->
