<?xml version="1.0" encoding="UTF-8"?>
<!-- Generated by org.testng.reporters.JUnitReportReporter -->
<testsuite hostname="LAPTOP-H5F7P4K8" failures="0" tests="1" name="keyworddriven.KeywordDrivenScript1" time="4.352" errors="0" timestamp="2023-07-09T10:14:09 IST" skipped="0">
  <testcase classname="keyworddriven.KeywordDrivenScript1" name="loginFacebook" time="4.352"/>
  <system-out/>
</testsuite> <!-- keyworddriven.KeywordDrivenScript1 -->
