<?xml version="1.0" encoding="UTF-8"?>
<!-- Generated by org.testng.reporters.JUnitReportReporter -->
<testsuite hostname="LAPTOP-H5F7P4K8" failures="0" tests="1" name="basic.MyActionsPractice" time="5.909" errors="0" timestamp="2023-06-27T20:19:40 IST" skipped="0">
  <testcase classname="basic.MyActionsPractice" name="testcase1" time="5.909"/>
  <system-out/>
</testsuite> <!-- basic.MyActionsPractice -->
