<?xml version="1.0" encoding="UTF-8"?>
<!-- Generated by org.testng.reporters.JUnitReportReporter -->
<testsuite hostname="LAPTOP-H5F7P4K8" failures="0" tests="4" name="datadriven.MyDataDrivenScript1" time="0.010" errors="0" timestamp="2023-07-08T10:58:55 IST" skipped="0">
  <testcase classname="datadriven.MyDataDrivenScript1" name="loginToFacebook" time="0.004"/>
  <system-out/>
  <testcase classname="datadriven.MyDataDrivenScript1" name="loginToFacebook" time="0.001"/>
  <system-out/>
  <testcase classname="datadriven.MyDataDrivenScript1" name="loginToFacebook" time="0.003"/>
  <system-out/>
  <testcase classname="datadriven.MyDataDrivenScript1" name="loginToFacebook" time="0.002"/>
  <system-out/>
</testsuite> <!-- datadriven.MyDataDrivenScript1 -->
