<?xml version="1.0" encoding="UTF-8"?>
<!-- Generated by org.testng.reporters.JUnitReportReporter -->
<testsuite hostname="LAPTOP-H5F7P4K8" failures="0" tests="1" name="basic.B24MyDragandDrop" time="5.306" errors="0" timestamp="2023-07-02T11:47:26 IST" skipped="0">
  <testcase classname="basic.B24MyDragandDrop" name="testcase1" time="5.306"/>
  <system-out/>
</testsuite> <!-- basic.B24MyDragandDrop -->
