<?xml version="1.0" encoding="UTF-8"?>
<!-- Generated by org.testng.reporters.JUnitReportReporter -->
<testsuite hostname="LAPTOP-H5F7P4K8" failures="0" tests="1" name="basic.MyMultipleWindowPrac2" time="6.562" errors="0" timestamp="2023-07-02T09:13:01 IST" skipped="0">
  <testcase classname="basic.MyMultipleWindowPrac2" name="testcase1" time="6.562"/>
  <system-out/>
</testsuite> <!-- basic.MyMultipleWindowPrac2 -->
