<?xml version="1.0" encoding="UTF-8"?>
<!-- Generated by org.testng.reporters.JUnitReportReporter -->
<testsuite hostname="LAPTOP-H5F7P4K8" failures="0" tests="3" name="TestNGB24.TestNGenabledDisabled" time="0.008" errors="0" timestamp="2023-07-02T10:03:06 IST" skipped="1">
  <testcase classname="TestNGB24.TestNGenabledDisabled" name="myTest2" time="0.006"/>
  <system-out/>
  <testcase classname="TestNGB24.TestNGenabledDisabled" name="myTest3" time="0.002"/>
  <system-out/>
  <testcase classname="TestNGB24.TestNGenabledDisabled" name="myTest1">
    <skipped/>
  </testcase> <!-- myTest1 -->
  <system-out/>
</testsuite> <!-- TestNGB24.TestNGenabledDisabled -->
