<?xml version="1.0" encoding="UTF-8"?>
<!-- Generated by org.testng.reporters.JUnitReportReporter -->
<testsuite hostname="LAPTOP-H5F7P4K8" failures="0" tests="1" name="basic.B24MyReadExcel" time="0.586" errors="0" timestamp="2023-12-23T16:12:32 IST" skipped="0">
  <testcase classname="basic.B24MyReadExcel" name="testcase1" time="0.586"/>
  <system-out/>
</testsuite> <!-- basic.B24MyReadExcel -->
