<?xml version="1.0" encoding="UTF-8"?>
<!-- Generated by org.testng.reporters.JUnitReportReporter -->
<testsuite hostname="LAPTOP-H5F7P4K8" failures="0" tests="5" name="basic.MyTestFormAssignment1" time="69.476" errors="0" timestamp="2023-06-18T20:54:56 IST" skipped="0">
  <testcase classname="basic.MyTestFormAssignment1" name="testCase3" time="30.220"/>
  <system-out/>
  <testcase classname="basic.MyTestFormAssignment1" name="testCase1" time="9.009"/>
  <system-out/>
  <testcase classname="basic.MyTestFormAssignment1" name="testCase2" time="7.217"/>
  <system-out/>
  <testcase classname="basic.MyTestFormAssignment1" name="testCase4" time="13.450"/>
  <system-out/>
  <testcase classname="basic.MyTestFormAssignment1" name="testCase5" time="9.580"/>
  <system-out/>
</testsuite> <!-- basic.MyTestFormAssignment1 -->
