<?xml version="1.0" encoding="UTF-8"?>
<!-- Generated by org.testng.reporters.JUnitReportReporter -->
<testsuite hostname="LAPTOP-H5F7P4K8" failures="0" tests="1" name="TestNGB24.ParallelMethod" time="10.021" errors="0" timestamp="2023-07-07T22:31:14 IST" skipped="0">
  <testcase classname="TestNGB24.ParallelMethod" name="myTest1" time="10.021"/>
  <system-out/>
</testsuite> <!-- TestNGB24.ParallelMethod -->
