<?xml version="1.0" encoding="UTF-8"?>
<!-- Generated by org.testng.reporters.JUnitReportReporter -->
<testsuite hostname="LAPTOP-H5F7P4K8" failures="0" tests="10" name="datadriven.MyDataDrivenScript" time="45.064" errors="0" timestamp="2023-07-08T11:30:03 IST" skipped="0">
  <testcase classname="datadriven.MyDataDrivenScript" name="loginToFacebook" time="5.698"/>
  <system-out/>
  <testcase classname="datadriven.MyDataDrivenScript" name="loginToFacebook" time="4.519"/>
  <system-out/>
  <testcase classname="datadriven.MyDataDrivenScript" name="loginToFacebook" time="4.376"/>
  <system-out/>
  <testcase classname="datadriven.MyDataDrivenScript" name="loginToFacebook" time="4.428"/>
  <system-out/>
  <testcase classname="datadriven.MyDataDrivenScript" name="loginToFacebook" time="4.306"/>
  <system-out/>
  <testcase classname="datadriven.MyDataDrivenScript" name="loginToFacebook" time="4.305"/>
  <system-out/>
  <testcase classname="datadriven.MyDataDrivenScript" name="loginToFacebook" time="4.329"/>
  <system-out/>
  <testcase classname="datadriven.MyDataDrivenScript" name="loginToFacebook" time="4.405"/>
  <system-out/>
  <testcase classname="datadriven.MyDataDrivenScript" name="loginToFacebook" time="4.231"/>
  <system-out/>
  <testcase classname="datadriven.MyDataDrivenScript" name="loginToFacebook" time="4.467"/>
  <system-out/>
</testsuite> <!-- datadriven.MyDataDrivenScript -->
