<?xml version="1.0" encoding="UTF-8"?>
<!-- Generated by org.testng.reporters.JUnitReportReporter -->
<testsuite hostname="LAPTOP-H5F7P4K8" failures="0" tests="1" name="basic.MyIFrameAssignment" time="18.698" errors="0" timestamp="2023-07-02T09:13:01 IST" skipped="0">
  <testcase classname="basic.MyIFrameAssignment" name="testcase1" time="18.698"/>
  <system-out/>
</testsuite> <!-- basic.MyIFrameAssignment -->
