<?xml version="1.0" encoding="UTF-8"?>
<!-- Generated by org.testng.reporters.JUnitReportReporter -->
<testsuite hostname="LAPTOP-H5F7P4K8" failures="0" tests="2" name="TestNGB24.TestNGCompleteRun" time="0.017" errors="0" timestamp="2023-07-02T12:11:49 IST" skipped="0">
  <testcase classname="TestNGB24.TestNGCompleteRun" name="test1" time="0.012"/>
  <system-out/>
  <testcase classname="TestNGB24.TestNGCompleteRun" name="test2" time="0.005"/>
  <system-out/>
</testsuite> <!-- TestNGB24.TestNGCompleteRun -->
