<?xml version="1.0" encoding="UTF-8"?>
<!-- Generated by org.testng.reporters.JUnitReportReporter -->
<testsuite hostname="LAPTOP-H5F7P4K8" failures="0" tests="2" name="basic.B24TestSelenium" time="11.467" errors="0" timestamp="2023-07-02T09:13:01 IST" skipped="0">
  <testcase classname="basic.B24TestSelenium" name="testCase3" time="4.755"/>
  <system-out/>
  <testcase classname="basic.B24TestSelenium" name="testCase1" time="6.712"/>
  <system-out/>
</testsuite> <!-- basic.B24TestSelenium -->
