<?xml version="1.0" encoding="UTF-8"?>
<!-- Generated by org.testng.reporters.JUnitReportReporter -->
<testsuite hostname="LAPTOP-H5F7P4K8" failures="0" tests="3" name="TestNGB24.MyGroupB" time="0.002" errors="0" timestamp="2023-07-02T09:49:22 IST" skipped="0">
  <testcase classname="TestNGB24.MyGroupB" name="test31" time="0.001"/>
  <system-out/>
  <testcase classname="TestNGB24.MyGroupB" name="test41" time="0.001"/>
  <system-out/>
  <testcase classname="TestNGB24.MyGroupB" name="test21" time="0.000"/>
  <system-out/>
</testsuite> <!-- TestNGB24.MyGroupB -->
