<?xml version="1.0" encoding="UTF-8"?>
<!-- Generated by org.testng.reporters.JUnitReportReporter -->
<testsuite hostname="LAPTOP-H5F7P4K8" failures="0" tests="4" name="TestNGB24.ParallelClassB" time="40.060" errors="0" timestamp="2023-07-02T11:47:27 IST" skipped="0">
  <testcase classname="TestNGB24.ParallelClassB" name="myTest4" time="10.026"/>
  <system-out/>
  <testcase classname="TestNGB24.ParallelClassB" name="myTest3" time="10.006"/>
  <system-out/>
  <testcase classname="TestNGB24.ParallelClassB" name="myTest1" time="10.017"/>
  <system-out/>
  <testcase classname="TestNGB24.ParallelClassB" name="myTest2" time="10.011"/>
  <system-out/>
</testsuite> <!-- TestNGB24.ParallelClassB -->
