<?xml version="1.0" encoding="UTF-8"?>
<!-- Generated by org.testng.reporters.JUnitReportReporter -->
<testsuite hostname="LAPTOP-H5F7P4K8" failures="0" tests="1" name="basic.MyTablePrac1" time="5.605" errors="0" timestamp="2023-07-02T09:13:01 IST" skipped="0">
  <testcase classname="basic.MyTablePrac1" name="tableread" time="5.605"/>
  <system-out/>
</testsuite> <!-- basic.MyTablePrac1 -->
