<?xml version="1.0" encoding="UTF-8"?>
<!-- Generated by org.testng.reporters.JUnitReportReporter -->
<testsuite hostname="LAPTOP-H5F7P4K8" failures="0" tests="1" name="basic.B24MyTableGrid" time="4.913" errors="0" timestamp="2023-07-09T08:18:28 IST" skipped="0">
  <testcase classname="basic.B24MyTableGrid" name="tableread" time="4.913"/>
  <system-out/>
</testsuite> <!-- basic.B24MyTableGrid -->
